c:\users\user\downloads\bim_dll\release_xp\bim.lib
c:\users\user\downloads\bim_dll\release_xp\bim.exp
c:\users\user\downloads\bim_dll\aom\release_xp\bim.pch
c:\users\user\downloads\bim_dll\aom\release_xp\vc120.pdb
c:\users\user\downloads\bim_dll\aom\release_xp\stdafx.obj
c:\users\user\downloads\bim_dll\aom\release_xp\bim.obj
c:\users\user\downloads\bim_dll\aom\release_xp\dllmain.obj
c:\users\user\downloads\bim_dll\release_xp\bim.dll
c:\users\user\downloads\bim_dll\release_xp\bim.pdb
c:\users\user\downloads\bim_dll\aom\release_xp\aom.res
c:\users\user\downloads\bim_dll\aom\release_xp\bim.tlog\bim.write.1u.tlog
c:\users\user\downloads\bim_dll\aom\release_xp\bim.tlog\cl.command.1.tlog
c:\users\user\downloads\bim_dll\aom\release_xp\bim.tlog\cl.read.1.tlog
c:\users\user\downloads\bim_dll\aom\release_xp\bim.tlog\cl.write.1.tlog
c:\users\user\downloads\bim_dll\aom\release_xp\bim.tlog\link.command.1.tlog
c:\users\user\downloads\bim_dll\aom\release_xp\bim.tlog\link.read.1.tlog
c:\users\user\downloads\bim_dll\aom\release_xp\bim.tlog\link.write.1.tlog
c:\users\user\downloads\bim_dll\aom\release_xp\bim.tlog\rc.command.1.tlog
c:\users\user\downloads\bim_dll\aom\release_xp\bim.tlog\rc.read.1.tlog
c:\users\user\downloads\bim_dll\aom\release_xp\bim.tlog\rc.write.1.tlog
