c:\users\user\downloads\bim_dll\debug\bim.lib
c:\users\user\downloads\bim_dll\debug\bim.exp
c:\users\user\downloads\bim_dll\aom\debug\bim.pch
c:\users\user\downloads\bim_dll\aom\debug\vc120.pdb
c:\users\user\downloads\bim_dll\aom\debug\vc120.idb
c:\users\user\downloads\bim_dll\aom\debug\stdafx.obj
c:\users\user\downloads\bim_dll\aom\debug\bim.obj
c:\users\user\downloads\bim_dll\aom\debug\dllmain.obj
c:\users\user\downloads\bim_dll\debug\bim.ilk
c:\users\user\downloads\bim_dll\debug\bim.dll
c:\users\user\downloads\bim_dll\debug\bim.pdb
c:\users\user\downloads\bim_dll\aom\debug\aom.res
c:\users\user\google диск\работа\bim_dll_float\bim_dll\aom\debug\bim.obj
c:\users\user\google диск\работа\bim_dll_float\bim_dll\aom\debug\dllmain.obj
c:\users\user\google диск\работа\bim_dll_float\bim_dll\aom\debug\stdafx.obj
c:\users\user\google диск\работа\bim_dll_float\bim_dll\aom\debug\aom.res
c:\users\user\google диск\работа\bim_dll_float\bim_dll\aom\debug\vc120.idb
c:\users\user\google диск\работа\bim_dll_float\bim_dll\aom\debug\vc120.pdb
c:\users\user\google диск\работа\bim_dll_float\bim_dll\debug\bim.pdb
c:\users\user\google диск\работа\bim_dll_float\bim_dll\debug\bim.dll
c:\users\user\google диск\работа\bim_dll_float\bim_dll\debug\bim.ilk
c:\users\user\google диск\работа\bim_dll_float\bim_dll\aom\debug\bim.tlog\bim.write.1u.tlog
c:\users\user\google диск\работа\bim_dll_float\bim_dll\aom\debug\bim.tlog\cl.command.1.tlog
c:\users\user\google диск\работа\bim_dll_float\bim_dll\aom\debug\bim.tlog\cl.read.1.tlog
c:\users\user\google диск\работа\bim_dll_float\bim_dll\aom\debug\bim.tlog\cl.write.1.tlog
c:\users\user\google диск\работа\bim_dll_float\bim_dll\aom\debug\bim.tlog\link.command.1.tlog
c:\users\user\google диск\работа\bim_dll_float\bim_dll\aom\debug\bim.tlog\link.read.1.tlog
c:\users\user\google диск\работа\bim_dll_float\bim_dll\aom\debug\bim.tlog\link.write.1.tlog
c:\users\user\google диск\работа\bim_dll_float\bim_dll\aom\debug\bim.tlog\rc.command.1.tlog
c:\users\user\google диск\работа\bim_dll_float\bim_dll\aom\debug\bim.tlog\rc.read.1.tlog
c:\users\user\google диск\работа\bim_dll_float\bim_dll\aom\debug\bim.tlog\rc.write.1.tlog
