c:\users\user\google диск\работа\bim_fast\bim_dll_fast\release\bim.lib
c:\users\user\google диск\работа\bim_fast\bim_dll_fast\release\bim.exp
c:\users\user\google диск\работа\bim_fast\bim_dll_fast\release\bim.ipdb
c:\users\user\google диск\работа\bim_fast\bim_dll_fast\release\bim.iobj
c:\users\user\google диск\работа\bim_fast\bim_dll_fast\aom\release\bim.pch
c:\users\user\google диск\работа\bim_fast\bim_dll_fast\aom\release\vc142.pdb
c:\users\user\google диск\работа\bim_fast\bim_dll_fast\aom\release\stdafx.obj
c:\users\user\google диск\работа\bim_fast\bim_dll_fast\aom\release\bim.obj
c:\users\user\google диск\работа\bim_fast\bim_dll_fast\aom\release\dllmain.obj
c:\users\user\google диск\работа\bim_fast\bim_dll_fast\release\bim.dll
c:\users\user\google диск\работа\bim_fast\bim_dll_fast\release\bim.pdb
c:\users\user\google диск\работа\bim_fast\bim_dll_fast\aom\release\aom.res
c:\users\user\google диск\работа\bim_fast\bim_dll_fast\aom\release\bim.tlog\bim.write.1u.tlog
c:\users\user\google диск\работа\bim_fast\bim_dll_fast\aom\release\bim.tlog\cl.command.1.tlog
c:\users\user\google диск\работа\bim_fast\bim_dll_fast\aom\release\bim.tlog\cl.read.1.tlog
c:\users\user\google диск\работа\bim_fast\bim_dll_fast\aom\release\bim.tlog\cl.write.1.tlog
c:\users\user\google диск\работа\bim_fast\bim_dll_fast\aom\release\bim.tlog\link.command.1.tlog
c:\users\user\google диск\работа\bim_fast\bim_dll_fast\aom\release\bim.tlog\link.read.1.tlog
c:\users\user\google диск\работа\bim_fast\bim_dll_fast\aom\release\bim.tlog\link.write.1.tlog
c:\users\user\google диск\работа\bim_fast\bim_dll_fast\aom\release\bim.tlog\rc.command.1.tlog
c:\users\user\google диск\работа\bim_fast\bim_dll_fast\aom\release\bim.tlog\rc.read.1.tlog
c:\users\user\google диск\работа\bim_fast\bim_dll_fast\aom\release\bim.tlog\rc.write.1.tlog
